{
  "stats": {
    "suites": 1,
    "tests": 1,
    "passes": 1,
    "pending": 0,
    "failures": 0,
    "start": "2020-09-27T16:02:47.341Z",
    "end": "2020-09-27T16:02:47.344Z",
    "duration": 3,
    "testsRegistered": 1,
    "passPercent": 100,
    "pendingPercent": 0,
    "other": 0,
    "hasOther": false,
    "skipped": 0,
    "hasSkipped": false
  },
  "results": [
    {
      "uuid": "9f299098-9728-4ef5-898a-90acc682c6a6",
      "title": "",
      "fullFile": "",
      "file": "",
      "beforeHooks": [],
      "afterHooks": [],
      "tests": [],
      "suites": [
        {
          "uuid": "808e1aac-7e26-4259-a841-be4f4e9151a8",
          "title": "Parser Happy Flow Testing",
          "fullFile": "/home/ruyam/projects/secretprojects/office/tagtify/jsonToHtmlParser/src/parser.spec.ts",
          "file": "/src/parser.spec.ts",
          "beforeHooks": [],
          "afterHooks": [],
          "tests": [
            {
              "title": "checkIfTagSelfEnding",
              "fullTitle": "Parser Happy Flow Testing checkIfTagSelfEnding",
              "timedOut": false,
              "duration": 1,
              "state": "passed",
              "speed": "fast",
              "pass": true,
              "fail": false,
              "pending": false,
              "context": null,
              "code": "let isTagSelfEnding = parser.checkIfTagSelfEnding(\"div\");\nchai_1.expect(isTagSelfEnding).equal(false);\nisTagSelfEnding = parser.checkIfTagSelfEnding('img');\nchai_1.expect(isTagSelfEnding).equal(true);",
              "err": {},
              "uuid": "cb51278a-0ccc-4251-aebd-cab513e2c8ef",
              "parentUUID": "808e1aac-7e26-4259-a841-be4f4e9151a8",
              "isHook": false,
              "skipped": false
            }
          ],
          "suites": [],
          "passes": [
            "cb51278a-0ccc-4251-aebd-cab513e2c8ef"
          ],
          "failures": [],
          "pending": [],
          "skipped": [],
          "duration": 1,
          "root": false,
          "rootEmpty": false,
          "_timeout": 15000
        }
      ],
      "passes": [],
      "failures": [],
      "pending": [],
      "skipped": [],
      "duration": 0,
      "root": true,
      "rootEmpty": true,
      "_timeout": 15000
    }
  ],
  "meta": {
    "mocha": {
      "version": "8.1.3"
    },
    "mochawesome": {
      "options": {
        "quiet": false,
        "reportFilename": "mochawesome",
        "saveHtml": true,
        "saveJson": true,
        "consoleReporter": "spec",
        "useInlineDiffs": false,
        "code": true
      },
      "version": "6.1.1"
    },
    "marge": {
      "options": null,
      "version": "5.1.0"
    }
  }
}